c:\users\tom\onedrive - mail.tau.ac.il\שולחן העבודה\isa_project\assembler\assrmbler_project\x64\debug\vc141.pdb
c:\users\tom\onedrive - mail.tau.ac.il\שולחן העבודה\isa_project\assembler\assrmbler_project\x64\debug\vc141.idb
c:\users\tom\onedrive - mail.tau.ac.il\שולחן העבודה\isa_project\assembler\assrmbler_project\x64\debug\second_run.obj
c:\users\tom\onedrive - mail.tau.ac.il\שולחן העבודה\isa_project\assembler\assrmbler_project\x64\debug\output.obj
c:\users\tom\onedrive - mail.tau.ac.il\שולחן העבודה\isa_project\assembler\assrmbler_project\x64\debug\first _run.obj
c:\users\tom\onedrive - mail.tau.ac.il\שולחן העבודה\isa_project\assembler\assrmbler_project\x64\debug\assembler.obj
c:\users\noyno\onedrive\שולחן העבודה\nir\מבנה המחשב\project1_312203672_311494066_206828881\asm\assrmbler_project\x64\debug\vc143.pdb
c:\users\noyno\onedrive\שולחן העבודה\nir\מבנה המחשב\project1_312203672_311494066_206828881\asm\assrmbler_project\x64\debug\vc143.idb
c:\users\noyno\onedrive\שולחן העבודה\nir\מבנה המחשב\project1_312203672_311494066_206828881\asm\assrmbler_project\x64\debug\second_run.obj
c:\users\noyno\onedrive\שולחן העבודה\nir\מבנה המחשב\project1_312203672_311494066_206828881\asm\assrmbler_project\x64\debug\output.obj
c:\users\noyno\onedrive\שולחן העבודה\nir\מבנה המחשב\project1_312203672_311494066_206828881\asm\assrmbler_project\x64\debug\first _run.obj
c:\users\noyno\onedrive\שולחן העבודה\nir\מבנה המחשב\project1_312203672_311494066_206828881\asm\assrmbler_project\x64\debug\assembler.obj
c:\users\tom\onedrive - mail.tau.ac.il\שולחן העבודה\isa_project\assembler\x64\debug\asm.ilk
c:\users\tom\onedrive - mail.tau.ac.il\שולחן העבודה\isa_project\assembler\x64\debug\asm.exe
c:\users\tom\onedrive - mail.tau.ac.il\שולחן העבודה\isa_project\assembler\x64\debug\asm.pdb
c:\users\noyno\onedrive\שולחן העבודה\nir\מבנה המחשב\project1_312203672_311494066_206828881\asm\assrmbler_project\x64\debug\asm.ilk
c:\users\noyno\onedrive\שולחן העבודה\nir\מבנה המחשב\project1_312203672_311494066_206828881\asm\x64\debug\asm.exe
c:\users\noyno\onedrive\שולחן העבודה\nir\מבנה המחשב\project1_312203672_311494066_206828881\asm\x64\debug\asm.pdb
c:\users\noyno\onedrive\שולחן העבודה\nir\מבנה המחשב\project #2\asm\assrmbler_project\x64\debug\assembler.obj
c:\users\noyno\onedrive\שולחן העבודה\nir\מבנה המחשב\project #2\asm\assrmbler_project\x64\debug\first _run.obj
c:\users\noyno\onedrive\שולחן העבודה\nir\מבנה המחשב\project #2\asm\assrmbler_project\x64\debug\output.obj
c:\users\noyno\onedrive\שולחן העבודה\nir\מבנה המחשב\project #2\asm\assrmbler_project\x64\debug\second_run.obj
c:\users\noyno\onedrive\שולחן העבודה\nir\מבנה המחשב\project #2\asm\assrmbler_project\x64\debug\asm.ilk
c:\users\noyno\onedrive\שולחן העבודה\nir\מבנה המחשב\project #2\asm\assrmbler_project\x64\debug\vc141.idb
c:\users\noyno\onedrive\שולחן העבודה\nir\מבנה המחשב\project #2\asm\assrmbler_project\x64\debug\vc143.idb
c:\users\noyno\onedrive\שולחן העבודה\nir\מבנה המחשב\project #2\asm\assrmbler_project\x64\debug\vc141.pdb
c:\users\noyno\onedrive\שולחן העבודה\nir\מבנה המחשב\project #2\asm\assrmbler_project\x64\debug\vc143.pdb
c:\users\noyno\onedrive\שולחן העבודה\nir\מבנה המחשב\project #2\asm\x64\debug\asm.pdb
c:\users\noyno\onedrive\שולחן העבודה\nir\מבנה המחשב\project #2\asm\x64\debug\asm.exe
c:\users\noyno\onedrive\שולחן העבודה\nir\מבנה המחשב\project #2\asm\x64\debug\asm.ilk
c:\users\noyno\onedrive\שולחן העבודה\nir\מבנה המחשב\project #2\asm\assrmbler_project\x64\debug\asm.tlog\cl.command.1.tlog
c:\users\noyno\onedrive\שולחן העבודה\nir\מבנה המחשב\project #2\asm\assrmbler_project\x64\debug\asm.tlog\cl.read.1.tlog
c:\users\noyno\onedrive\שולחן העבודה\nir\מבנה המחשב\project #2\asm\assrmbler_project\x64\debug\asm.tlog\cl.write.1.tlog
c:\users\noyno\onedrive\שולחן העבודה\nir\מבנה המחשב\project #2\asm\assrmbler_project\x64\debug\asm.tlog\link.command.1.tlog
c:\users\noyno\onedrive\שולחן העבודה\nir\מבנה המחשב\project #2\asm\assrmbler_project\x64\debug\asm.tlog\link.read.1.tlog
c:\users\noyno\onedrive\שולחן העבודה\nir\מבנה המחשב\project #2\asm\assrmbler_project\x64\debug\asm.tlog\link.write.1.tlog
