c:\users\97250\desktop\cs\assrmbler_project\assrmbler_project\debug\vc141.pdb
c:\users\97250\desktop\cs\assrmbler_project\assrmbler_project\debug\vc141.idb
c:\users\97250\desktop\cs\assrmbler_project\assrmbler_project\debug\second_run.obj
c:\users\97250\desktop\cs\assrmbler_project\assrmbler_project\debug\output.obj
c:\users\97250\desktop\cs\assrmbler_project\assrmbler_project\debug\first _run.obj
c:\users\97250\desktop\cs\assrmbler_project\assrmbler_project\debug\assembler.obj
c:\users\tom\onedrive - mail.tau.ac.il\שולחן העבודה\לימודים\הנדסה - אונ' תל אביב\סימסטר ז\מבנה המחשב\לארגן\assembler\final version\assrmbler_project\assrmbler_project\assrmbler_project\debug\vc141.pdb
c:\users\tom\onedrive - mail.tau.ac.il\שולחן העבודה\לימודים\הנדסה - אונ' תל אביב\סימסטר ז\מבנה המחשב\לארגן\assembler\final version\assrmbler_project\assrmbler_project\assrmbler_project\debug\vc141.idb
c:\users\tom\onedrive - mail.tau.ac.il\שולחן העבודה\לימודים\הנדסה - אונ' תל אביב\סימסטר ז\מבנה המחשב\לארגן\assembler\final version\assrmbler_project\assrmbler_project\assrmbler_project\debug\second_run.obj
c:\users\tom\onedrive - mail.tau.ac.il\שולחן העבודה\לימודים\הנדסה - אונ' תל אביב\סימסטר ז\מבנה המחשב\לארגן\assembler\final version\assrmbler_project\assrmbler_project\assrmbler_project\debug\output.obj
c:\users\tom\onedrive - mail.tau.ac.il\שולחן העבודה\לימודים\הנדסה - אונ' תל אביב\סימסטר ז\מבנה המחשב\לארגן\assembler\final version\assrmbler_project\assrmbler_project\assrmbler_project\debug\first _run.obj
c:\users\tom\onedrive - mail.tau.ac.il\שולחן העבודה\לימודים\הנדסה - אונ' תל אביב\סימסטר ז\מבנה המחשב\לארגן\assembler\final version\assrmbler_project\assrmbler_project\assrmbler_project\debug\assembler.obj
c:\users\97250\desktop\cs\assrmbler_project\debug\assrmbler_project.exe
c:\users\97250\desktop\cs\assrmbler_project\debug\assrmbler_project.ilk
c:\users\97250\desktop\cs\assrmbler_project\debug\assrmbler_project.pdb
c:\users\tom\onedrive - mail.tau.ac.il\שולחן העבודה\לימודים\הנדסה - אונ' תל אביב\סימסטר ז\מבנה המחשב\לארגן\assembler\final version\assrmbler_project\assrmbler_project\debug\assrmbler_project.ilk
c:\users\tom\onedrive - mail.tau.ac.il\שולחן העבודה\לימודים\הנדסה - אונ' תל אביב\סימסטר ז\מבנה המחשב\לארגן\assembler\final version\assrmbler_project\assrmbler_project\debug\assrmbler_project.exe
c:\users\tom\onedrive - mail.tau.ac.il\שולחן העבודה\לימודים\הנדסה - אונ' תל אביב\סימסטר ז\מבנה המחשב\לארגן\assembler\final version\assrmbler_project\assrmbler_project\debug\assrmbler_project.pdb
c:\users\tom\onedrive - mail.tau.ac.il\שולחן העבודה\לימודים\הנדסה - אונ' תל אביב\סימסטר ז\מבנה המחשב\לארגן\assembler\final version\assrmbler_project\assrmbler_project\assrmbler_project\debug\assrmble.14a8f461.tlog\cl.command.1.tlog
c:\users\tom\onedrive - mail.tau.ac.il\שולחן העבודה\לימודים\הנדסה - אונ' תל אביב\סימסטר ז\מבנה המחשב\לארגן\assembler\final version\assrmbler_project\assrmbler_project\assrmbler_project\debug\assrmble.14a8f461.tlog\cl.read.1.tlog
c:\users\tom\onedrive - mail.tau.ac.il\שולחן העבודה\לימודים\הנדסה - אונ' תל אביב\סימסטר ז\מבנה המחשב\לארגן\assembler\final version\assrmbler_project\assrmbler_project\assrmbler_project\debug\assrmble.14a8f461.tlog\cl.write.1.tlog
c:\users\tom\onedrive - mail.tau.ac.il\שולחן העבודה\לימודים\הנדסה - אונ' תל אביב\סימסטר ז\מבנה המחשב\לארגן\assembler\final version\assrmbler_project\assrmbler_project\assrmbler_project\debug\assrmble.14a8f461.tlog\link.command.1.tlog
c:\users\tom\onedrive - mail.tau.ac.il\שולחן העבודה\לימודים\הנדסה - אונ' תל אביב\סימסטר ז\מבנה המחשב\לארגן\assembler\final version\assrmbler_project\assrmbler_project\assrmbler_project\debug\assrmble.14a8f461.tlog\link.read.1.tlog
c:\users\tom\onedrive - mail.tau.ac.il\שולחן העבודה\לימודים\הנדסה - אונ' תל אביב\סימסטר ז\מבנה המחשב\לארגן\assembler\final version\assrmbler_project\assrmbler_project\assrmbler_project\debug\assrmble.14a8f461.tlog\link.write.1.tlog
